<?xml version="1.0" encoding="UTF-8"?>
<!-- Generated by org.testng.reporters.JUnitXMLReporter -->
<testsuite ignored="0" hostname="LAPTOP-NQPDM386" failures="0" tests="3" name="Surefire test" time="0.087" errors="0" timestamp="2024-12-27T01:50:26 IST">
  <testcase classname="com.qa.Package.TESTNG.Handlingannotation" name="lauchbrowser" time="0.009"/>
  <testcase classname="com.qa.Package.TESTNG.Handlingannotation" name="logout" time="0.001"/>
  <testcase classname="com.qa.Package.TESTNG.Handlingannotation" name="login" time="0.001"/>
</testsuite> <!-- Surefire test -->
