<?xml version="1.0" encoding="UTF-8"?>
<testng-results ignored="0" total="3" passed="3" failed="0" skipped="0">
  <reporter-output>
  </reporter-output>
  <suite started-at="2024-12-27T01:50:26 IST" name="Surefire suite" finished-at="2024-12-27T01:50:26 IST" duration-ms="87">
    <groups>
    </groups>
    <test started-at="2024-12-27T01:50:26 IST" name="Surefire test" finished-at="2024-12-27T01:50:26 IST" duration-ms="87">
      <class name="com.qa.Package.TESTNG.Handlingannotation">
        <test-method signature="lauchbrowser()[pri:1, instance:com.qa.Package.TESTNG.Handlingannotation@15c43bd9]" started-at="2024-12-27T01:50:26 IST" name="lauchbrowser" finished-at="2024-12-27T01:50:26 IST" duration-ms="9" status="PASS">
          <reporter-output>
          </reporter-output>
        </test-method> <!-- lauchbrowser -->
        <test-method signature="logout()[pri:2, instance:com.qa.Package.TESTNG.Handlingannotation@15c43bd9]" started-at="2024-12-27T01:50:26 IST" name="logout" finished-at="2024-12-27T01:50:26 IST" duration-ms="1" status="PASS">
          <reporter-output>
          </reporter-output>
        </test-method> <!-- logout -->
        <test-method signature="login()[pri:3, instance:com.qa.Package.TESTNG.Handlingannotation@15c43bd9]" started-at="2024-12-27T01:50:26 IST" name="login" finished-at="2024-12-27T01:50:26 IST" duration-ms="1" status="PASS">
          <reporter-output>
          </reporter-output>
        </test-method> <!-- login -->
      </class> <!-- com.qa.Package.TESTNG.Handlingannotation -->
    </test> <!-- Surefire test -->
  </suite> <!-- Surefire suite -->
</testng-results>
